GPA.3377-9769-2416-03997
21em6f
GPA.3395-9798-3946-25426
5ewlg5
GPA.3345-2953-6393-67404
j9k4x3
GPA.3319-8967-6246-48755
3ayuwt
GPA.3329-6327-4011-40064
21em6f
GPA.3375-1707-4101-17702
zpvaaf
GPA.3333-2318-8311-76239
zpvaaf
GPA.3351-9115-4046-53824
mobofa
GPA.3315-0629-7199-69239
pnwh02
GPA.3300-0686-8708-99882
k3xmq0
GPA.3366-5999-0480-73046
6tj34g
GPA.3314-1045-3203-11343
kqpr2z
GPA.3369-8599-6082-00697
4j9je7
GPA.3365-7999-7447-23686
pzaj6j
GPA.3373-1606-8681-52829
86w0ku
GPA.3325-9955-2785-75005
j9k4x3
GPA.3317-0919-2594-69346
ggbaa
GPA.3387-7168-4448-54565
h4cu4v
GPA.3352-4583-7865-84144
j9k4x3
GPA.3330-6238-1135-00393
j9k4x3
GPA.3327-3505-8035-68630
jwc9ai
GPA.3379-5121-8633-81327
jh5id6
GPA.3348-7421-3233-27926
whfk1a
460001035198776
klni3z
290001019450691
jv2p0q
290001018566164
h85iu4
110001182325925
bo6ol8
110001182320096
bo6ol8
110001182316783
bo6ol8
110001182315707
bo6ol8
220001120123112
daejpr
350001068517261
cerhnu
710000892115886
dtdzc8
580000789066657
iizbtv
410001077905233
pnwh01
