info-2021-11-12-06-1.log:2021-11-12 06:33:09:734 INFO - 生产 玩家：[k6gr84] 领取生产物资成功 factoryId: 2 领取后的startTime: 1636570333000 productItemId:3006
info-2021-11-12-06-1.log:2021-11-12 06:33:09:736 INFO - 生产 玩家：[k6gr84] 领取生产物资成功 factoryId: 1 领取后的startTime: 1636570610000 productItemId:3017
info-2021-11-12-06-1.log:2021-11-12 06:33:09:738 INFO - 生产 玩家：[k6gr84] 领取生产物资成功 factoryId: 1 领取后的startTime: 1636570910000 productItemId:3005
info-2021-11-12-06-1.log:2021-11-12 06:34:51:493 INFO - 生产 玩家：[k6gr84] 添加生产任务成功：2 - 3007
info-2021-11-12-06-1.log:2021-11-12 06:35:41:619 INFO - 生产 玩家：[k6gr84] 添加生产任务成功：1 - 3005
info-2021-11-12-06-1.log:2021-11-12 06:35:46:659 INFO - 生产 玩家：[k6gr84] 添加生产任务成功：1 - 3005
info-2021-11-12-06-1.log:2021-11-12 06:40:11:355 INFO - 生产 玩家：[k6gr84] 领取生产物资成功 factoryId: 2 领取后的startTime: 1636670391000 productItemId:3007
info-2021-11-12-06-1.log:2021-11-12 06:40:25:159 INFO - 生产 玩家：[k6gr84] 添加生产任务成功：2 - 3007
info-2021-11-12-06-1.log:2021-11-12 06:41:40:717 INFO - 生产 玩家：[k6gr84] 领取生产物资成功 factoryId: 1 领取后的startTime: 1636670441000 productItemId:3005
info-2021-11-12-06-1.log:2021-11-12 06:45:40:106 INFO - 生产 玩家：[k6gr84] 领取生产物资成功 factoryId: 2 领取后的startTime: 1636670725000 productItemId:3007
info-2021-11-12-06-1.log:2021-11-12 06:45:44:390 INFO - 生产 玩家：[k6gr84] 领取生产物资成功 factoryId: 1 领取后的startTime: 1636670741000 productItemId:3005
info-2021-11-12-06-1.log:2021-11-12 06:45:56:954 INFO - 生产 玩家：[k6gr84] 添加生产任务成功：1 - 3005
info-2021-11-12-06-1.log:2021-11-12 06:45:59:820 INFO - 生产 玩家：[k6gr84] 添加生产任务成功：1 - 3005
info-2021-11-12-06-1.log:2021-11-12 06:49:29:461 INFO - 生产 玩家：[k6gr84] 添加生产任务成功：2 - 3007
info-2021-11-12-06-1.log:2021-11-12 06:49:31:140 INFO - 生产 玩家：[k6gr84] 添加生产任务成功：2 - 3006
info-2021-11-12-06-1.log:2021-11-12 06:51:26:009 INFO - 生产 玩家：[k6gr84] 领取生产物资成功 factoryId: 1 领取后的startTime: 1636671056000 productItemId:3005
info-2021-11-12-06-1.log:2021-11-12 06:56:14:774 INFO - 生产 玩家：[k6gr84] 领取生产物资成功 factoryId: 2 领取后的startTime: 1636671269000 productItemId:3007
info-2021-11-12-06-1.log:2021-11-12 06:56:14:776 INFO - 生产 玩家：[k6gr84] 领取生产物资成功 factoryId: 1 领取后的startTime: 1636671356000 productItemId:3005
info-2021-11-12-06-1.log:2021-11-12 06:56:27:818 INFO - 生产 玩家：[k6gr84] 添加生产任务成功：2 - 3006
info-2021-11-12-06-1.log:2021-11-12 06:56:54:608 INFO - 生产 玩家：[k6gr84] 添加生产任务成功：1 - 3004
info-2021-11-12-06-1.log:2021-11-12 06:56:59:037 INFO - 生产 玩家：[k6gr84] 添加生产任务成功：1 - 3004
info-2021-11-12-06-2.log:2021-11-12 06:59:34:308 INFO - 生产 玩家：[k6gr84] 领取生产物资成功 factoryId: 2 领取后的startTime: 1636671569000 productItemId:3006
info-2021-11-12-06-2.log:2021-11-12 06:59:54:559 INFO - 生产 玩家：[k6gr84] 领取生产物资成功 factoryId: 1 领取后的startTime: 1636671594000 productItemId:3004
info-2021-11-12-07-1.log:2021-11-12 07:00:00:064 INFO - 生产 玩家：[k6gr84] 添加生产任务成功：1 - 3005
info-2021-11-12-07-1.log:2021-11-12 07:04:40:321 INFO - 生产 玩家：[k6gr84] 领取生产物资成功 factoryId: 2 领取后的startTime: 1636671869000 productItemId:3006
info-2021-11-12-07-1.log:2021-11-12 07:04:40:323 INFO - 生产 玩家：[k6gr84] 领取生产物资成功 factoryId: 1 领取后的startTime: 1636671774000 productItemId:3004
info-2021-11-12-07-1.log:2021-11-12 07:04:58:023 INFO - 生产 玩家：[k6gr84] 添加生产任务成功：2 - 3006
info-2021-11-12-07-1.log:2021-11-12 07:05:26:679 INFO - 生产 玩家：[k6gr84] 添加生产任务成功：1 - 3016
info-2021-11-12-07-1.log:2021-11-12 07:08:14:412 INFO - 生产 玩家：[k6gr84] 领取生产物资成功 factoryId: 1 领取后的startTime: 1636672074000 productItemId:3005
info-2021-11-12-07-1.log:2021-11-12 07:08:21:462 INFO - 生产 玩家：[k6gr84] 添加生产任务成功：1 - 3017
info-2021-11-12-07-1.log:2021-11-12 07:08:52:950 INFO - 生产 玩家：[k6gr84] 开启槽 工厂Id：1, 当前开启槽个数 1
info-2021-11-12-07-1.log:2021-11-12 07:08:58:515 INFO - 生产 玩家：[k6gr84] 添加生产任务成功：1 - 3016
info-2021-11-12-07-1.log:2021-11-12 07:12:30:193 INFO - 生产 玩家：[k6gr84] 领取生产物资成功 factoryId: 2 领取后的startTime: 1636672197000 productItemId:3006
info-2021-11-12-07-1.log:2021-11-12 07:17:55:010 INFO - 生产 玩家：[k6gr84] 领取生产物资成功 factoryId: 1 领取后的startTime: 1636672674000 productItemId:3016
info-2021-11-12-07-1.log:2021-11-12 07:18:01:211 INFO - 生产 玩家：[k6gr84] 添加生产任务成功：1 - 3005
info-2021-11-12-07-1.log:2021-11-12 07:52:53:466 INFO - 生产 玩家：[k6gr84] 领取生产物资成功 factoryId: 1 领取后的startTime: 1636673574000 productItemId:3017
info-2021-11-12-07-1.log:2021-11-12 07:52:53:467 INFO - 生产 玩家：[k6gr84] 领取生产物资成功 factoryId: 1 领取后的startTime: 1636674174000 productItemId:3016
info-2021-11-12-07-1.log:2021-11-12 07:52:53:469 INFO - 生产 玩家：[k6gr84] 领取生产物资成功 factoryId: 1 领取后的startTime: 1636674474000 productItemId:3005
info-2021-11-12-07-1.log:2021-11-12 07:53:01:545 INFO - 生产 玩家：[k6gr84] 添加生产任务成功：1 - 3005
info-2021-11-12-08-2.log:2021-11-12 08:59:36:110 INFO - 生产 玩家：[k6gr84] 领取生产物资成功 factoryId: 1 领取后的startTime: 1636675080000 productItemId:3005
info-2021-11-12-08-2.log:2021-11-12 08:59:43:061 INFO - 生产 玩家：[k6gr84] 添加生产任务成功：1 - 3017
info-2021-11-12-09-1.log:2021-11-12 09:00:00:634 INFO - 生产 玩家：[k6gr84] 添加生产任务成功：1 - 3004
info-2021-11-12-09-1.log:2021-11-12 09:10:50:322 INFO - 生产 玩家：[k6gr84] 添加生产任务 服务端初始化工厂数据 4
info-2021-11-12-09-1.log:2021-11-12 09:10:50:326 INFO - 生产 玩家：[k6gr84] 添加生产任务成功：4 - 3001
info-2021-11-12-09-1.log:2021-11-12 09:10:56:485 INFO - 生产 玩家：[k6gr84] 添加生产任务成功：4 - 3001
info-2021-11-12-09-1.log:2021-11-12 09:15:46:510 INFO - 生产 玩家：[k6gr84] 领取生产物资成功 factoryId: 1 领取后的startTime: 1636679682000 productItemId:3017
info-2021-11-12-09-1.log:2021-11-12 09:15:46:512 INFO - 生产 玩家：[k6gr84] 领取生产物资成功 factoryId: 4 领取后的startTime: 1636679628000 productItemId:3001
info-2021-11-12-09-1.log:2021-11-12 09:16:51:517 INFO - 生产 玩家：[k6gr84] 领取生产物资成功 factoryId: 4 领取后的startTime: 1636679808000 productItemId:3001
info-2021-11-12-09-1.log:2021-11-12 09:17:46:392 INFO - 生产 玩家：[k6gr84] 领取生产物资成功 factoryId: 1 领取后的startTime: 1636679862000 productItemId:3004
info-2021-11-12-09-1.log:2021-11-12 09:17:54:094 INFO - 生产 玩家：[k6gr84] 添加生产任务成功：1 - 3004
info-2021-11-12-09-1.log:2021-11-12 09:17:57:102 INFO - 生产 玩家：[k6gr84] 添加生产任务成功：1 - 3004
info-2021-11-12-09-1.log:2021-11-12 09:20:40:752 INFO - 生产 玩家：[k6gr84] 添加生产任务成功：4 - 3001
info-2021-11-12-09-1.log:2021-11-12 09:20:43:890 INFO - 生产 玩家：[k6gr84] 添加生产任务成功：4 - 3001
info-2021-11-12-09-1.log:2021-11-12 09:20:44:850 INFO - 生产 玩家：[k6gr84] 开启槽 工厂Id：4, 当前开启槽个数 1
info-2021-11-12-09-1.log:2021-11-12 09:20:49:636 INFO - 生产 玩家：[k6gr84] 添加生产任务成功：4 - 3001
info-2021-11-12-09-1.log:2021-11-12 09:21:44:172 INFO - 生产 玩家：[k6gr84] 领取生产物资成功 factoryId: 1 领取后的startTime: 1636680053000 productItemId:3004
info-2021-11-12-09-1.log:2021-11-12 09:21:59:138 INFO - 生产 玩家：[k6gr84] 添加生产任务成功：1 - 3004
info-2021-11-12-09-1.log:2021-11-12 09:22:01:001 INFO - 生产 玩家：[k6gr84] 添加生产任务成功：1 - 3005
info-2021-11-12-09-1.log:2021-11-12 09:23:48:754 INFO - 生产 玩家：[k6gr84] 领取生产物资成功 factoryId: 4 领取后的startTime: 1636680219000 productItemId:3001
info-2021-11-12-09-1.log:2021-11-12 09:26:17:927 INFO - 生产 玩家：[k6gr84] 领取生产物资成功 factoryId: 1 领取后的startTime: 1636680233000 productItemId:3004
info-2021-11-12-09-1.log:2021-11-12 09:26:32:982 INFO - 生产 玩家：[k6gr84] 添加生产任务成功：1 - 3005
info-2021-11-12-09-1.log:2021-11-12 09:26:40:376 INFO - 生产 玩家：[k6gr84] 领取生产物资成功 factoryId: 4 领取后的startTime: 1636680399000 productItemId:3001
info-2021-11-12-09-1.log:2021-11-12 09:26:45:451 INFO - 生产 玩家：[k6gr84] 添加生产任务成功：4 - 3001
info-2021-11-12-09-1.log:2021-11-12 09:26:48:769 INFO - 生产 玩家：[k6gr84] 添加生产任务成功：4 - 3001
info-2021-11-12-09-1.log:2021-11-12 09:27:43:043 INFO - 生产 玩家：[k6gr84] 领取生产物资成功 factoryId: 1 领取后的startTime: 1636680413000 productItemId:3004
info-2021-11-12-09-1.log:2021-11-12 09:28:33:154 INFO - 生产 玩家：[k6gr84] 添加生产任务成功：1 - 3005
info-2021-11-12-09-1.log:2021-11-12 09:29:43:106 INFO - 生产 玩家：[k6gr84] 领取生产物资成功 factoryId: 4 领取后的startTime: 1636680579000 productItemId:3001
info-2021-11-12-09-1.log:2021-11-12 09:29:49:864 INFO - 生产 玩家：[k6gr84] 添加生产任务成功：4 - 3001
info-2021-11-12-09-1.log:2021-11-12 09:32:47:378 INFO - 生产 玩家：[k6gr84] 领取生产物资成功 factoryId: 1 领取后的startTime: 1636680713000 productItemId:3005
info-2021-11-12-09-1.log:2021-11-12 09:32:47:381 INFO - 生产 玩家：[k6gr84] 领取生产物资成功 factoryId: 4 领取后的startTime: 1636680759000 productItemId:3001
info-2021-11-12-09-1.log:2021-11-12 09:32:53:063 INFO - 生产 玩家：[k6gr84] 添加生产任务成功：1 - 3005
info-2021-11-12-09-1.log:2021-11-12 09:32:57:219 INFO - 生产 玩家：[k6gr84] 添加生产任务成功：4 - 3001
info-2021-11-12-09-1.log:2021-11-12 09:33:52:118 INFO - 生产 玩家：[k6gr84] 添加生产任务成功：2 - 3007
info-2021-11-12-09-1.log:2021-11-12 09:33:56:032 INFO - 生产 玩家：[k6gr84] 添加生产任务成功：2 - 3007
info-2021-11-12-09-1.log:2021-11-12 09:34:00:200 INFO - 生产 玩家：[k6gr84] 开启槽 工厂Id：2, 当前开启槽个数 1
info-2021-11-12-09-1.log:2021-11-12 09:34:05:028 INFO - 生产 玩家：[k6gr84] 添加生产任务成功：2 - 3007
info-2021-11-12-09-1.log:2021-11-12 09:37:52:086 INFO - 生产 玩家：[k6gr84] 领取生产物资成功 factoryId: 1 领取后的startTime: 1636681013000 productItemId:3005
info-2021-11-12-09-1.log:2021-11-12 09:37:52:088 INFO - 生产 玩家：[k6gr84] 领取生产物资成功 factoryId: 4 领取后的startTime: 1636680939000 productItemId:3001
info-2021-11-12-09-1.log:2021-11-12 09:37:58:476 INFO - 生产 玩家：[k6gr84] 添加生产任务成功：1 - 3005
info-2021-11-12-09-1.log:2021-11-12 09:38:03:548 INFO - 生产 玩家：[k6gr84] 添加生产任务成功：4 - 3001
info-2021-11-12-09-1.log:2021-11-12 09:38:53:965 INFO - 生产 玩家：[k6gr84] 领取生产物资成功 factoryId: 2 领取后的startTime: 1636681131000 productItemId:3007
info-2021-11-12-09-1.log:2021-11-12 09:38:53:967 INFO - 生产 玩家：[k6gr84] 领取生产物资成功 factoryId: 4 领取后的startTime: 1636681119000 productItemId:3001
info-2021-11-12-09-1.log:2021-11-12 09:42:13:347 INFO - 生产 玩家：[k6gr84] 领取生产物资成功 factoryId: 1 领取后的startTime: 1636681313000 productItemId:3005
info-2021-11-12-09-1.log:2021-11-12 09:42:13:349 INFO - 生产 玩家：[k6gr84] 领取生产物资成功 factoryId: 4 领取后的startTime: 1636681299000 productItemId:3001
info-2021-11-12-09-1.log:2021-11-12 09:42:43:074 INFO - 生产 玩家：[k6gr84] 添加生产任务成功：4 - 3001
info-2021-11-12-09-1.log:2021-11-12 09:42:45:012 INFO - 生产 玩家：[k6gr84] 添加生产任务成功：4 - 3001
info-2021-11-12-09-1.log:2021-11-12 09:42:51:264 INFO - 生产 玩家：[k6gr84] 添加生产任务成功：1 - 3005
info-2021-11-12-09-1.log:2021-11-12 09:44:38:263 INFO - 生产 玩家：[k6gr84] 领取生产物资成功 factoryId: 2 领取后的startTime: 1636681431000 productItemId:3007
info-2021-11-12-09-1.log:2021-11-12 09:44:42:986 INFO - 生产 玩家：[k6gr84] 领取生产物资成功 factoryId: 4 领取后的startTime: 1636681479000 productItemId:3001
info-2021-11-12-09-1.log:2021-11-12 09:44:52:861 INFO - 生产 玩家：[k6gr84] 添加生产任务成功：4 - 3001
info-2021-11-12-09-1.log:2021-11-12 09:47:07:178 ERROR - 生产 玩家：[k6gr84] version:8.1 添加生产任务：槽位已满 factoryId: 1 槽总个数：1 已开启槽个数：1 生产队列：[FactoryProduce{itemId=3005}, FactoryProduce{itemId=3005}, FactoryProduce{itemId=3005}]
info-2021-11-12-09-1.log:2021-11-12 09:47:13:815 ERROR - 生产 玩家：[k6gr84] version:8.1 添加生产任务：槽位已满 factoryId: 1 槽总个数：1 已开启槽个数：1 生产队列：[FactoryProduce{itemId=3005}, FactoryProduce{itemId=3005}, FactoryProduce{itemId=3005}]
info-2021-11-12-09-1.log:2021-11-12 09:47:20:071 INFO - 生产 玩家：[k6gr84] 领取生产物资成功 factoryId: 1 领取后的startTime: 1636681613000 productItemId:3005
info-2021-11-12-09-1.log:2021-11-12 09:47:24:968 INFO - 生产 玩家：[k6gr84] 添加生产任务成功：1 - 3005
info-2021-11-12-09-1.log:2021-11-12 09:47:59:850 INFO - 生产 玩家：[k6gr84] 领取生产物资成功 factoryId: 4 领取后的startTime: 1636681659000 productItemId:3001
info-2021-11-12-09-1.log:2021-11-12 09:50:00:763 INFO - 生产 玩家：[k6gr84] 领取生产物资成功 factoryId: 2 领取后的startTime: 1636681731000 productItemId:3007
info-2021-11-12-09-1.log:2021-11-12 09:50:29:644 INFO - 生产 玩家：[k6gr84] 添加生产任务成功：2 - 3007
info-2021-11-12-09-1.log:2021-11-12 09:50:35:007 INFO - 生产 玩家：[k6gr84] 添加生产任务成功：2 - 3007
info-2021-11-12-09-1.log:2021-11-12 09:50:40:767 INFO - 生产 玩家：[k6gr84] 领取生产物资成功 factoryId: 4 领取后的startTime: 1636681839000 productItemId:3001
info-2021-11-12-09-1.log:2021-11-12 09:54:00:852 INFO - 生产 玩家：[k6gr84] 领取生产物资成功 factoryId: 1 领取后的startTime: 1636681913000 productItemId:3005
info-2021-11-12-09-1.log:2021-11-12 09:54:00:854 INFO - 生产 玩家：[k6gr84] 领取生产物资成功 factoryId: 4 领取后的startTime: 1636682019000 productItemId:3001
info-2021-11-12-09-1.log:2021-11-12 09:55:32:430 INFO - 生产 玩家：[k6gr84] 领取生产物资成功 factoryId: 2 领取后的startTime: 1636682128000 productItemId:3007
info-2021-11-12-09-1.log:2021-11-12 09:56:57:979 INFO - 生产 玩家：[k6gr84] 领取生产物资成功 factoryId: 1 领取后的startTime: 1636682213000 productItemId:3005
